<?xml version="1.0" encoding="UTF-8"?>
<!-- Generated by org.testng.reporters.JUnitReportReporter -->
<testsuite hostname="LAPTOP-N50CKJOD" failures="0" tests="2" name="CampaignTest.CreateCampaignTest" time="48.919" errors="0" timestamp="2025-04-04T20:40:43 IST" skipped="0">
  <testcase classname="CampaignTest.CreateCampaignTest" name="createCampaignTest" time="23.869">
    <system-out>
      <![CDATA[Campagin Expo_5623 added successfully]]>
    </system-out>
  </testcase> <!-- createCampaignTest -->
  <testcase classname="CampaignTest.CreateCampaignTest" name="createCampaginWithCloseDateTest" time="25.050">
    <system-out>
      <![CDATA[Campagin Expo_1919 added successfully]]>
    </system-out>
  </testcase> <!-- createCampaginWithCloseDateTest -->
  <system-out>
    <![CDATA[Validation is passed
Campagin Expo_1919 added successfully
Campagin Expo_5623 added successfully
Product Laptop_1217 added successfully
Contact Smith_4456 added successfully]]>
  </system-out>
</testsuite> <!-- CampaignTest.CreateCampaignTest -->
