<?xml version="1.0" encoding="UTF-8"?>
<!-- Generated by org.testng.reporters.JUnitReportReporter -->
<testsuite hostname="LAPTOP-N50CKJOD" failures="0" tests="1" name="ContactTest.CreateContactTest" time="31.071" errors="0" timestamp="2025-04-04T20:40:43 IST" skipped="0">
  <testcase classname="ContactTest.CreateContactTest" name="createContactWithCampaginTest" time="31.071">
    <system-out>
      <![CDATA[Contact Smith_4456 added successfully]]>
    </system-out>
  </testcase> <!-- createContactWithCampaginTest -->
  <system-out>
    <![CDATA[Validation is passed
Campagin Expo_1919 added successfully
Campagin Expo_5623 added successfully
Product Laptop_1217 added successfully
Contact Smith_4456 added successfully]]>
  </system-out>
</testsuite> <!-- ContactTest.CreateContactTest -->
