<?xml version="1.0" encoding="UTF-8"?>
<!-- Generated by org.testng.reporters.JUnitReportReporter -->
<testsuite hostname="LAPTOP-N50CKJOD" failures="0" tests="1" name="ProductTest.CreateProduct" time="16.463" errors="0" timestamp="2025-03-29T20:54:58 IST" skipped="0">
  <testcase classname="ProductTest.CreateProduct" name="createProductTest" time="16.463">
    <system-out>
      <![CDATA[Product Laptop_5427 added successfully]]>
    </system-out>
  </testcase> <!-- createProductTest -->
  <system-out>
    <![CDATA[Campagin Expo_622 added successfully
Campagin Expo_1068 added successfully
Product Laptop_5427 added successfully
Contact Smith_643 added successfully]]>
  </system-out>
</testsuite> <!-- ProductTest.CreateProduct -->
