<?xml version="1.0" encoding="UTF-8"?>
<!-- Generated by org.testng.reporters.JUnitReportReporter -->
<testsuite hostname="LAPTOP-N50CKJOD" failures="0" tests="3" name="DDTPractice.DataProviderUsage" time="0.019" errors="0" timestamp="2025-03-25T20:51:37 IST" skipped="0">
  <testcase classname="DDTPractice.DataProviderUsage" name="testCase" time="0.004"/>
  <testcase classname="DDTPractice.DataProviderUsage" name="testCase" time="0.005"/>
  <testcase classname="DDTPractice.DataProviderUsage" name="testCase" time="0.010"/>
</testsuite> <!-- DDTPractice.DataProviderUsage -->
