<?xml version="1.0" encoding="UTF-8"?>
<!-- Generated by org.testng.reporters.JUnitReportReporter -->
<testsuite hostname="LAPTOP-N50CKJOD" failures="0" tests="2" name="CampaignTest.CreateCampaign" time="32.266" errors="0" timestamp="2025-03-29T20:54:58 IST" skipped="0">
  <testcase classname="CampaignTest.CreateCampaign" name="createCampaignTest" time="15.407">
    <system-out>
      <![CDATA[Campagin Expo_1068 added successfully]]>
    </system-out>
  </testcase> <!-- createCampaignTest -->
  <testcase classname="CampaignTest.CreateCampaign" name="createCampaginWithDateTest" time="16.859">
    <system-out>
      <![CDATA[Campagin Expo_622 added successfully]]>
    </system-out>
  </testcase> <!-- createCampaginWithDateTest -->
  <system-out>
    <![CDATA[Campagin Expo_622 added successfully
Campagin Expo_1068 added successfully
Product Laptop_5427 added successfully
Contact Smith_643 added successfully]]>
  </system-out>
</testsuite> <!-- CampaignTest.CreateCampaign -->
